Arguments: 
  C:\Program Files\nodejs\node.exe C:\Users\hyeon\AppData\Roaming\npm\node_modules\yarn\bin\yarn.js add veux@next --save

PATH: 
  C:\Program Files (x86)\Intel\Intel(R) Management Engine Components\iCLS\;C:\Program Files\Intel\Intel(R) Management Engine Components\iCLS\;C:\WINDOWS\system32;C:\WINDOWS;C:\WINDOWS\System32\Wbem;C:\WINDOWS\System32\WindowsPowerShell\v1.0\;C:\WINDOWS\System32\OpenSSH\;C:\Program Files (x86)\Intel\Intel(R) Management Engine Components\DAL;C:\Program Files\Intel\Intel(R) Management Engine Components\DAL;D:\dev\apps\jdk.12.0.2\bin;C:\Program Files\Git\cmd;D:\dev\apps\apache-maven-3.6.0\bin;C:\Program Files\PuTTY\;C:\Program Files\nodejs\;C:\Ruby30-x64\bin;C:\Users\hyeon\AppData\Local\Microsoft\WindowsApps;;C:\Users\hyeon\AppData\Local\Programs\Microsoft VS Code\bin;C:\Program Files\Bandizip\;C:\Users\hyeon\AppData\Local\Programs\Fiddler;C:\Users\hyeon\AppData\Roaming\npm;%USERPROFILE%\AppData\Local\Microsoft\WindowsApps

Yarn version: 
  1.22.10

Node version: 
  16.4.2

Platform: 
  win32 x64

Trace: 
  Error: https://registry.yarnpkg.com/veux: Not found
      at Request.params.callback [as _callback] (C:\Users\hyeon\AppData\Roaming\npm\node_modules\yarn\lib\cli.js:66988:18)
      at Request.self.callback (C:\Users\hyeon\AppData\Roaming\npm\node_modules\yarn\lib\cli.js:140662:22)
      at Request.emit (node:events:394:28)
      at Request.<anonymous> (C:\Users\hyeon\AppData\Roaming\npm\node_modules\yarn\lib\cli.js:141634:10)
      at Request.emit (node:events:394:28)
      at IncomingMessage.<anonymous> (C:\Users\hyeon\AppData\Roaming\npm\node_modules\yarn\lib\cli.js:141556:12)
      at Object.onceWrapper (node:events:513:28)
      at IncomingMessage.emit (node:events:406:35)
      at endReadableNT (node:internal/streams/readable:1329:12)
      at processTicksAndRejections (node:internal/process/task_queues:83:21)

npm manifest: 
  {
    "version": "0.0.0",
    "scripts": {
      "dev": "vite",
      "build": "vite build",
      "serve": "vite preview"
    },
    "dependencies": {
      "@toast-ui/editor": "^3.0.1",
      "@toast-ui/editor-plugin-code-syntax-highlight": "^3.0.0",
      "@toast-ui/editor-plugin-color-syntax": "^3.0.1",
      "vue": "^3.0.5",
      "vue-router": "^4.0.10",
      "vuex": "^4.0.2"
    },
    "devDependencies": {
      "@vitejs/plugin-vue": "^1.2.4",
      "@vue/compiler-sfc": "^3.0.5",
      "vite": "^2.4.0"
    }
  }

yarn manifest: 
  No manifest

Lockfile: 
  # THIS IS AN AUTOGENERATED FILE. DO NOT EDIT THIS FILE DIRECTLY.
  # yarn lockfile v1
  
  
  "@babel/helper-validator-identifier@^7.14.5":
    version "7.14.5"
    resolved "https://registry.npmjs.org/@babel/helper-validator-identifier/-/helper-validator-identifier-7.14.5.tgz"
    integrity sha512-5lsetuxCLilmVGyiLEfoHBRX8UCFD+1m2x3Rj97WrW3V7H3u4RWRXA4evMjImCsin2J2YT0QaVDGf+z8ondbAg==
  
  "@babel/parser@^7.12.0", "@babel/parser@^7.13.9":
    version "7.14.7"
    resolved "https://registry.npmjs.org/@babel/parser/-/parser-7.14.7.tgz"
    integrity sha512-X67Z5y+VBJuHB/RjwECp8kSl5uYi0BvRbNeWqkaJCVh+LiTPl19WBUfG627psSgp9rSf6ojuXghQM3ha6qHHdA==
  
  "@babel/types@^7.12.0", "@babel/types@^7.13.0":
    version "7.14.5"
    resolved "https://registry.npmjs.org/@babel/types/-/types-7.14.5.tgz"
    integrity sha512-M/NzBpEL95I5Hh4dwhin5JlE7EzO5PHMAuzjxss3tiOBD46KfQvVedN/3jEPZvdRvtsK2222XfdHogNIttFgcg==
    dependencies:
      "@babel/helper-validator-identifier" "^7.14.5"
      to-fast-properties "^2.0.0"
  
  "@toast-ui/editor-plugin-code-syntax-highlight@^3.0.0":
    version "3.0.0"
    resolved "https://registry.npmjs.org/@toast-ui/editor-plugin-code-syntax-highlight/-/editor-plugin-code-syntax-highlight-3.0.0.tgz"
    integrity sha512-62XB3IcFgvRxVZzj2kTeQao0xACotv/mD6jScSDkWac2V0jkCsTh0kZRG4TSW5bGdKvx4xz3YjFm7gWgw1I/Aw==
    dependencies:
      prismjs "^1.23.0"
  
  "@toast-ui/editor-plugin-color-syntax@^3.0.1":
    version "3.0.1"
    resolved "https://registry.npmjs.org/@toast-ui/editor-plugin-color-syntax/-/editor-plugin-color-syntax-3.0.1.tgz"
    integrity sha512-7IC3GHvxlxIc++zm+Zed3U55gNb8iWxXd/oDZLLGW+fmcOtg6fzB0mdfkinQTof69bCgTRvyR60XKxcRs0vQEQ==
    dependencies:
      tui-color-picker "^2.2.6"
  
  "@toast-ui/editor@^3.0.1":
    version "3.0.1"
    resolved "https://registry.npmjs.org/@toast-ui/editor/-/editor-3.0.1.tgz"
    integrity sha512-5JCjQRLWO2JUa9KVGkznWBW/ZMGKLxZBloy4YuE9WApldDwJUyiloeC6S+HxlhBslAVS6nwgEJDPr1+ggjWEtg==
    dependencies:
      prosemirror-commands "^1.1.9"
      prosemirror-history "^1.1.3"
      prosemirror-inputrules "^1.1.3"
      prosemirror-keymap "^1.1.4"
      prosemirror-model "^1.14.1"
      prosemirror-state "^1.3.4"
      prosemirror-view "^1.18.7"
  
  "@types/estree@^0.0.48":
    version "0.0.48"
    resolved "https://registry.npmjs.org/@types/estree/-/estree-0.0.48.tgz"
    integrity sha512-LfZwXoGUDo0C3me81HXgkBg5CTQYb6xzEl+fNmbO4JdRiSKQ8A0GD1OBBvKAIsbCUgoyAty7m99GqqMQe784ew==
  
  "@vitejs/plugin-vue@^1.2.4":
    version "1.2.4"
    resolved "https://registry.npmjs.org/@vitejs/plugin-vue/-/plugin-vue-1.2.4.tgz"
    integrity sha512-D/3H9plevPQGgQGwmV6eecvOnooLTecPR63HPffVVWPEhbfvmtYLWgznzs456NBb2DItiRTCIa1yWxvGqC+I8A==
  
  "@vue/compiler-core@3.1.4":
    version "3.1.4"
    resolved "https://registry.npmjs.org/@vue/compiler-core/-/compiler-core-3.1.4.tgz"
    integrity sha512-TnUz+1z0y74O/A4YKAbzsdUfamyHV73MihrEfvettWpm9bQKVoZd1nEmR1cGN9LsXWlwAvVQBetBlWdOjmQO5Q==
    dependencies:
      "@babel/parser" "^7.12.0"
      "@babel/types" "^7.12.0"
      "@vue/shared" "3.1.4"
      estree-walker "^2.0.1"
      source-map "^0.6.1"
  
  "@vue/compiler-dom@3.1.4":
    version "3.1.4"
    resolved "https://registry.npmjs.org/@vue/compiler-dom/-/compiler-dom-3.1.4.tgz"
    integrity sha512-3tG2ScHkghhUBuFwl9KgyZhrS8CPFZsO7hUDekJgIp5b1OMkROr4AvxHu6rRMl4WkyvYkvidFNBS2VfOnwa6Kw==
    dependencies:
      "@vue/compiler-core" "3.1.4"
      "@vue/shared" "3.1.4"
  
  "@vue/compiler-sfc@^3.0.5":
    version "3.1.4"
    resolved "https://registry.npmjs.org/@vue/compiler-sfc/-/compiler-sfc-3.1.4.tgz"
    integrity sha512-4KDQg60Khy3SgnF+V/TB2NZqzmM4TyGRmzsxqG1SebGdMSecCweFDSlI/F1vDYk6dKiCHgmpoT9A1sLxswkJ0A==
    dependencies:
      "@babel/parser" "^7.13.9"
      "@babel/types" "^7.13.0"
      "@types/estree" "^0.0.48"
      "@vue/compiler-core" "3.1.4"
      "@vue/compiler-dom" "3.1.4"
      "@vue/compiler-ssr" "3.1.4"
      "@vue/shared" "3.1.4"
      consolidate "^0.16.0"
      estree-walker "^2.0.1"
      hash-sum "^2.0.0"
      lru-cache "^5.1.1"
      magic-string "^0.25.7"
      merge-source-map "^1.1.0"
      postcss "^8.1.10"
      postcss-modules "^4.0.0"
      postcss-selector-parser "^6.0.4"
      source-map "^0.6.1"
  
  "@vue/compiler-ssr@3.1.4":
    version "3.1.4"
    resolved "https://registry.npmjs.org/@vue/compiler-ssr/-/compiler-ssr-3.1.4.tgz"
    integrity sha512-Box8fCuCFPp0FuimIswjDkjwiSDCBkHvt/xVALyFkYCiIMWv2eR53fIjmlsnEHhcBuZ+VgRC+UanCTcKvSA1gA==
    dependencies:
      "@vue/compiler-dom" "3.1.4"
      "@vue/shared" "3.1.4"
  
  "@vue/devtools-api@^6.0.0-beta.11", "@vue/devtools-api@^6.0.0-beta.14":
    version "6.0.0-beta.15"
    resolved "https://registry.npmjs.org/@vue/devtools-api/-/devtools-api-6.0.0-beta.15.tgz"
    integrity sha512-quBx4Jjpexo6KDiNUGFr/zF/2A4srKM9S9v2uHgMXSU//hjgq1eGzqkIFql8T9gfX5ZaVOUzYBP3jIdIR3PKIA==
  
  "@vue/reactivity@3.1.4":
    version "3.1.4"
    resolved "https://registry.npmjs.org/@vue/reactivity/-/reactivity-3.1.4.tgz"
    integrity sha512-YDlgii2Cr9yAoKVZFzgY4j0mYlVT73986X3e5SPp6ifqckSEoFSUWXZK2Tb53TB/9qO29BEEbspnKD3m3wAwkA==
    dependencies:
      "@vue/shared" "3.1.4"
  
  "@vue/runtime-core@3.1.4":
    version "3.1.4"
    resolved "https://registry.npmjs.org/@vue/runtime-core/-/runtime-core-3.1.4.tgz"
    integrity sha512-qmVJgJuFxfT7M4qHQ4M6KqhKC66fjuswK+aBivE8dWiZ2rtIGl9gtJGpwqwjQEcKEBTOfvvrtrwBncYArJUO8Q==
    dependencies:
      "@vue/reactivity" "3.1.4"
      "@vue/shared" "3.1.4"
  
  "@vue/runtime-dom@3.1.4":
    version "3.1.4"
    resolved "https://registry.npmjs.org/@vue/runtime-dom/-/runtime-dom-3.1.4.tgz"
    integrity sha512-vbmwgTxku1BU87Kw7r29adv0OIrDXCW0PslOPQT0O/9R5SqcXgS94Yj6zsztDjvghegenwIAPNLlDR1Auh5s+w==
    dependencies:
      "@vue/runtime-core" "3.1.4"
      "@vue/shared" "3.1.4"
      csstype "^2.6.8"
  
  "@vue/shared@3.1.4":
    version "3.1.4"
    resolved "https://registry.npmjs.org/@vue/shared/-/shared-3.1.4.tgz"
    integrity sha512-6O45kZAmkLvzGLToBxEz4lR2W6kXohCtebV2UxjH9GXjd8X9AhEn68FN9eNanFtWNzvgw1hqd6HkPRVQalqf7Q==
  
  big.js@^5.2.2:
    version "5.2.2"
    resolved "https://registry.npmjs.org/big.js/-/big.js-5.2.2.tgz"
    integrity sha512-vyL2OymJxmarO8gxMr0mhChsO9QGwhynfuu4+MHTAW6czfq9humCB7rKpUjDd9YUiDPU4mzpyupFSvOClAwbmQ==
  
  bluebird@^3.7.2:
    version "3.7.2"
    resolved "https://registry.npmjs.org/bluebird/-/bluebird-3.7.2.tgz"
    integrity sha512-XpNj6GDQzdfW+r2Wnn7xiSAd7TM3jzkxGXBGTtWKuSXv1xUV+azxAm8jdWZN06QTQk+2N2XB9jRDkvbmQmcRtg==
  
  colorette@^1.2.2:
    version "1.2.2"
    resolved "https://registry.npmjs.org/colorette/-/colorette-1.2.2.tgz"
    integrity sha512-MKGMzyfeuutC/ZJ1cba9NqcNpfeqMUcYmyF1ZFY6/Cn7CNSAKx6a+s48sqLqyAiZuaP2TcqMhoo+dlwFnVxT9w==
  
  consolidate@^0.16.0:
    version "0.16.0"
    resolved "https://registry.npmjs.org/consolidate/-/consolidate-0.16.0.tgz"
    integrity sha512-Nhl1wzCslqXYTJVDyJCu3ODohy9OfBMB5uD2BiBTzd7w+QY0lBzafkR8y8755yMYHAaMD4NuzbAw03/xzfw+eQ==
    dependencies:
      bluebird "^3.7.2"
  
  cssesc@^3.0.0:
    version "3.0.0"
    resolved "https://registry.npmjs.org/cssesc/-/cssesc-3.0.0.tgz"
    integrity sha512-/Tb/JcjK111nNScGob5MNtsntNM1aCNUDipB/TkwZFhyDrrE47SOx/18wF2bbjgc3ZzCSKW1T5nt5EbFoAz/Vg==
  
  csstype@^2.6.8:
    version "2.6.17"
    resolved "https://registry.npmjs.org/csstype/-/csstype-2.6.17.tgz"
    integrity sha512-u1wmTI1jJGzCJzWndZo8mk4wnPTZd1eOIYTYvuEyOQGfmDl3TrabCCfKnOC86FZwW/9djqTl933UF/cS425i9A==
  
  emojis-list@^3.0.0:
    version "3.0.0"
    resolved "https://registry.npmjs.org/emojis-list/-/emojis-list-3.0.0.tgz"
    integrity sha512-/kyM18EfinwXZbno9FyUGeFh87KC8HRQBQGildHZbEuRyWFOmv1U10o9BBp8XVZDVNNuQKyIGIu5ZYAAXJ0V2Q==
  
  esbuild@^0.12.8:
    version "0.12.15"
    resolved "https://registry.npmjs.org/esbuild/-/esbuild-0.12.15.tgz"
    integrity sha512-72V4JNd2+48eOVCXx49xoSWHgC3/cCy96e7mbXKY+WOWghN00cCmlGnwVLRhRHorvv0dgCyuMYBZlM2xDM5OQw==
  
  estree-walker@^2.0.1:
    version "2.0.2"
    resolved "https://registry.npmjs.org/estree-walker/-/estree-walker-2.0.2.tgz"
    integrity sha512-Rfkk/Mp/DL7JVje3u18FxFujQlTNR2q6QfMSMB7AvCBx91NGj/ba3kCfza0f6dVDbw7YlRf/nDrn7pQrCCyQ/w==
  
  fsevents@~2.3.2:
    version "2.3.2"
    resolved "https://registry.yarnpkg.com/fsevents/-/fsevents-2.3.2.tgz#8a526f78b8fdf4623b709e0b975c52c24c02fd1a"
    integrity sha512-xiqMQR4xAeHTuB9uWm+fFRcIOgKBMiOBP+eXiyT7jsgVCq1bkVygt00oASowB7EdtpOHaaPgKt812P9ab+DDKA==
  
  function-bind@^1.1.1:
    version "1.1.1"
    resolved "https://registry.npmjs.org/function-bind/-/function-bind-1.1.1.tgz"
    integrity sha512-yIovAzMX49sF8Yl58fSCWJ5svSLuaibPxXQJFLmBObTuCr0Mf1KiPopGM9NiFjiYBCbfaa2Fh6breQ6ANVTI0A==
  
  generic-names@^2.0.1:
    version "2.0.1"
    resolved "https://registry.npmjs.org/generic-names/-/generic-names-2.0.1.tgz"
    integrity sha512-kPCHWa1m9wGG/OwQpeweTwM/PYiQLrUIxXbt/P4Nic3LbGjCP0YwrALHW1uNLKZ0LIMg+RF+XRlj2ekT9ZlZAQ==
    dependencies:
      loader-utils "^1.1.0"
  
  has@^1.0.3:
    version "1.0.3"
    resolved "https://registry.npmjs.org/has/-/has-1.0.3.tgz"
    integrity sha512-f2dvO0VU6Oej7RkWJGrehjbzMAjFp5/VKPp5tTpWIV4JHHZK1/BxbFRtf/siA2SWTe09caDmVtYYzWEIbBS4zw==
    dependencies:
      function-bind "^1.1.1"
  
  hash-sum@^2.0.0:
    version "2.0.0"
    resolved "https://registry.npmjs.org/hash-sum/-/hash-sum-2.0.0.tgz"
    integrity sha512-WdZTbAByD+pHfl/g9QSsBIIwy8IT+EsPiKDs0KNX+zSHhdDLFKdZu0BQHljvO+0QI/BasbMSUa8wYNCZTvhslg==
  
  icss-replace-symbols@^1.1.0:
    version "1.1.0"
    resolved "https://registry.npmjs.org/icss-replace-symbols/-/icss-replace-symbols-1.1.0.tgz"
    integrity sha1-Bupvg2ead0njhs/h/oEq5dsiPe0=
  
  icss-utils@^5.0.0:
    version "5.1.0"
    resolved "https://registry.npmjs.org/icss-utils/-/icss-utils-5.1.0.tgz"
    integrity sha512-soFhflCVWLfRNOPU3iv5Z9VUdT44xFRbzjLsEzSr5AQmgqPMTHdU3PMT1Cf1ssx8fLNJDA1juftYl+PUcv3MqA==
  
  is-core-module@^2.2.0:
    version "2.4.0"
    resolved "https://registry.npmjs.org/is-core-module/-/is-core-module-2.4.0.tgz"
    integrity sha512-6A2fkfq1rfeQZjxrZJGerpLCTHRNEBiSgnu0+obeJpEPZRUooHgsizvzv0ZjJwOz3iWIHdJtVWJ/tmPr3D21/A==
    dependencies:
      has "^1.0.3"
  
  json5@^1.0.1:
    version "1.0.1"
    resolved "https://registry.npmjs.org/json5/-/json5-1.0.1.tgz"
    integrity sha512-aKS4WQjPenRxiQsC93MNfjx+nbF4PAdYzmd/1JIj8HYzqfbu86beTuNgXDzPknWk0n0uARlyewZo4s++ES36Ow==
    dependencies:
      minimist "^1.2.0"
  
  loader-utils@^1.1.0:
    version "1.4.0"
    resolved "https://registry.npmjs.org/loader-utils/-/loader-utils-1.4.0.tgz"
    integrity sha512-qH0WSMBtn/oHuwjy/NucEgbx5dbxxnxup9s4PVXJUDHZBQY+s0NWA9rJf53RBnQZxfch7euUui7hpoAPvALZdA==
    dependencies:
      big.js "^5.2.2"
      emojis-list "^3.0.0"
      json5 "^1.0.1"
  
  lodash.camelcase@^4.3.0:
    version "4.3.0"
    resolved "https://registry.npmjs.org/lodash.camelcase/-/lodash.camelcase-4.3.0.tgz"
    integrity sha1-soqmKIorn8ZRA1x3EfZathkDMaY=
  
  lru-cache@^5.1.1:
    version "5.1.1"
    resolved "https://registry.npmjs.org/lru-cache/-/lru-cache-5.1.1.tgz"
    integrity sha512-KpNARQA3Iwv+jTA0utUVVbrh+Jlrr1Fv0e56GGzAFOXN7dk/FviaDW8LHmK52DlcH4WP2n6gI8vN1aesBFgo9w==
    dependencies:
      yallist "^3.0.2"
  
  magic-string@^0.25.7:
    version "0.25.7"
    resolved "https://registry.npmjs.org/magic-string/-/magic-string-0.25.7.tgz"
    integrity sha512-4CrMT5DOHTDk4HYDlzmwu4FVCcIYI8gauveasrdCu2IKIFOJ3f0v/8MDGJCDL9oD2ppz/Av1b0Nj345H9M+XIA==
    dependencies:
      sourcemap-codec "^1.4.4"
  
  merge-source-map@^1.1.0:
    version "1.1.0"
    resolved "https://registry.npmjs.org/merge-source-map/-/merge-source-map-1.1.0.tgz"
    integrity sha512-Qkcp7P2ygktpMPh2mCQZaf3jhN6D3Z/qVZHSdWvQ+2Ef5HgRAPBO57A77+ENm0CPx2+1Ce/MYKi3ymqdfuqibw==
    dependencies:
      source-map "^0.6.1"
  
  minimist@^1.2.0:
    version "1.2.5"
    resolved "https://registry.npmjs.org/minimist/-/minimist-1.2.5.tgz"
    integrity sha512-FM9nNUYrRBAELZQT3xeZQ7fmMOBg6nWNmJKTcgsJeaLstP/UODVpGsr5OhXhhXg6f+qtJ8uiZ+PUxkDWcgIXLw==
  
  nanoid@^3.1.23:
    version "3.1.23"
    resolved "https://registry.npmjs.org/nanoid/-/nanoid-3.1.23.tgz"
    integrity sha512-FiB0kzdP0FFVGDKlRLEQ1BgDzU87dy5NnzjeW9YZNt+/c3+q82EQDUwniSAUxp/F0gFNI1ZhKU1FqYsMuqZVnw==
  
  orderedmap@^1.1.0:
    version "1.1.1"
    resolved "https://registry.npmjs.org/orderedmap/-/orderedmap-1.1.1.tgz"
    integrity sha512-3Ux8um0zXbVacKUkcytc0u3HgC0b0bBLT+I60r2J/En72cI0nZffqrA7Xtf2Hqs27j1g82llR5Mhbd0Z1XW4AQ==
  
  path-parse@^1.0.6:
    version "1.0.7"
    resolved "https://registry.npmjs.org/path-parse/-/path-parse-1.0.7.tgz"
    integrity sha512-LDJzPVEEEPR+y48z93A0Ed0yXb8pAByGWo/k5YYdYgpY2/2EsOsksJrq7lOHxryrVOn1ejG6oAp8ahvOIQD8sw==
  
  postcss-modules-extract-imports@^3.0.0:
    version "3.0.0"
    resolved "https://registry.npmjs.org/postcss-modules-extract-imports/-/postcss-modules-extract-imports-3.0.0.tgz"
    integrity sha512-bdHleFnP3kZ4NYDhuGlVK+CMrQ/pqUm8bx/oGL93K6gVwiclvX5x0n76fYMKuIGKzlABOy13zsvqjb0f92TEXw==
  
  postcss-modules-local-by-default@^4.0.0:
    version "4.0.0"
    resolved "https://registry.npmjs.org/postcss-modules-local-by-default/-/postcss-modules-local-by-default-4.0.0.tgz"
    integrity sha512-sT7ihtmGSF9yhm6ggikHdV0hlziDTX7oFoXtuVWeDd3hHObNkcHRo9V3yg7vCAY7cONyxJC/XXCmmiHHcvX7bQ==
    dependencies:
      icss-utils "^5.0.0"
      postcss-selector-parser "^6.0.2"
      postcss-value-parser "^4.1.0"
  
  postcss-modules-scope@^3.0.0:
    version "3.0.0"
    resolved "https://registry.npmjs.org/postcss-modules-scope/-/postcss-modules-scope-3.0.0.tgz"
    integrity sha512-hncihwFA2yPath8oZ15PZqvWGkWf+XUfQgUGamS4LqoP1anQLOsOJw0vr7J7IwLpoY9fatA2qiGUGmuZL0Iqlg==
    dependencies:
      postcss-selector-parser "^6.0.4"
  
  postcss-modules-values@^4.0.0:
    version "4.0.0"
    resolved "https://registry.npmjs.org/postcss-modules-values/-/postcss-modules-values-4.0.0.tgz"
    integrity sha512-RDxHkAiEGI78gS2ofyvCsu7iycRv7oqw5xMWn9iMoR0N/7mf9D50ecQqUo5BZ9Zh2vH4bCUR/ktCqbB9m8vJjQ==
    dependencies:
      icss-utils "^5.0.0"
  
  postcss-modules@^4.0.0:
    version "4.1.3"
    resolved "https://registry.npmjs.org/postcss-modules/-/postcss-modules-4.1.3.tgz"
    integrity sha512-dBT39hrXe4OAVYJe/2ZuIZ9BzYhOe7t+IhedYeQ2OxKwDpAGlkEN/fR0fGnrbx4BvgbMReRX4hCubYK9cE/pJQ==
    dependencies:
      generic-names "^2.0.1"
      icss-replace-symbols "^1.1.0"
      lodash.camelcase "^4.3.0"
      postcss-modules-extract-imports "^3.0.0"
      postcss-modules-local-by-default "^4.0.0"
      postcss-modules-scope "^3.0.0"
      postcss-modules-values "^4.0.0"
      string-hash "^1.1.1"
  
  postcss-selector-parser@^6.0.2, postcss-selector-parser@^6.0.4:
    version "6.0.6"
    resolved "https://registry.npmjs.org/postcss-selector-parser/-/postcss-selector-parser-6.0.6.tgz"
    integrity sha512-9LXrvaaX3+mcv5xkg5kFwqSzSH1JIObIx51PrndZwlmznwXRfxMddDvo9gve3gVR8ZTKgoFDdWkbRFmEhT4PMg==
    dependencies:
      cssesc "^3.0.0"
      util-deprecate "^1.0.2"
  
  postcss-value-parser@^4.1.0:
    version "4.1.0"
    resolved "https://registry.npmjs.org/postcss-value-parser/-/postcss-value-parser-4.1.0.tgz"
    integrity sha512-97DXOFbQJhk71ne5/Mt6cOu6yxsSfM0QGQyl0L25Gca4yGWEGJaig7l7gbCX623VqTBNGLRLaVUCnNkcedlRSQ==
  
  postcss@^8.1.10, postcss@^8.3.5:
    version "8.3.5"
    resolved "https://registry.npmjs.org/postcss/-/postcss-8.3.5.tgz"
    integrity sha512-NxTuJocUhYGsMiMFHDUkmjSKT3EdH4/WbGF6GCi1NDGk+vbcUTun4fpbOqaPtD8IIsztA2ilZm2DhYCuyN58gA==
    dependencies:
      colorette "^1.2.2"
      nanoid "^3.1.23"
      source-map-js "^0.6.2"
  
  prismjs@^1.23.0:
    version "1.24.1"
    resolved "https://registry.npmjs.org/prismjs/-/prismjs-1.24.1.tgz"
    integrity sha512-mNPsedLuk90RVJioIky8ANZEwYm5w9LcvCXrxHlwf4fNVSn8jEipMybMkWUyyF0JhnC+C4VcOVSBuHRKs1L5Ow==
  
  prosemirror-commands@^1.1.9:
    version "1.1.10"
    resolved "https://registry.npmjs.org/prosemirror-commands/-/prosemirror-commands-1.1.10.tgz"
    integrity sha512-IWyBBXNAd44RM6NnBPljwq+/CM2oYCQJkF+YhKEAZNwzW0uFdGf4qComhjbKZzqFdu6Iub2ZhNsXgwPibA0lCQ==
    dependencies:
      prosemirror-model "^1.0.0"
      prosemirror-state "^1.0.0"
      prosemirror-transform "^1.0.0"
  
  prosemirror-history@^1.1.3:
    version "1.1.3"
    resolved "https://registry.npmjs.org/prosemirror-history/-/prosemirror-history-1.1.3.tgz"
    integrity sha512-zGDotijea+vnfnyyUGyiy1wfOQhf0B/b6zYcCouBV8yo6JmrE9X23M5q7Nf/nATywEZbgRLG70R4DmfSTC+gfg==
    dependencies:
      prosemirror-state "^1.2.2"
      prosemirror-transform "^1.0.0"
      rope-sequence "^1.3.0"
  
  prosemirror-inputrules@^1.1.3:
    version "1.1.3"
    resolved "https://registry.npmjs.org/prosemirror-inputrules/-/prosemirror-inputrules-1.1.3.tgz"
    integrity sha512-ZaHCLyBtvbyIHv0f5p6boQTIJjlD6o2NPZiEaZWT2DA+j591zS29QQEMT4lBqwcLW3qRSf7ZvoKNbf05YrsStw==
    dependencies:
      prosemirror-state "^1.0.0"
      prosemirror-transform "^1.0.0"
  
  prosemirror-keymap@^1.1.4:
    version "1.1.4"
    resolved "https://registry.npmjs.org/prosemirror-keymap/-/prosemirror-keymap-1.1.4.tgz"
    integrity sha512-Al8cVUOnDFL4gcI5IDlG6xbZ0aOD/i3B17VT+1JbHWDguCgt/lBHVTHUBcKvvbSg6+q/W4Nj1Fu6bwZSca3xjg==
    dependencies:
      prosemirror-state "^1.0.0"
      w3c-keyname "^2.2.0"
  
  prosemirror-model@^1.0.0, prosemirror-model@^1.1.0, prosemirror-model@^1.14.1:
    version "1.14.2"
    resolved "https://registry.npmjs.org/prosemirror-model/-/prosemirror-model-1.14.2.tgz"
    integrity sha512-TwkACyEiSi8FJiRhg2ffbzmQRy5DR+aTwAr7trNQNZL24HJR8ouxy4qCkG99PnWK0xZ0AjSMtPXSU6hnxAiP7Q==
    dependencies:
      orderedmap "^1.1.0"
  
  prosemirror-state@^1.0.0, prosemirror-state@^1.2.2, prosemirror-state@^1.3.4:
    version "1.3.4"
    resolved "https://registry.npmjs.org/prosemirror-state/-/prosemirror-state-1.3.4.tgz"
    integrity sha512-Xkkrpd1y/TQ6HKzN3agsQIGRcLckUMA9u3j207L04mt8ToRgpGeyhbVv0HI7omDORIBHjR29b7AwlATFFf2GLA==
    dependencies:
      prosemirror-model "^1.0.0"
      prosemirror-transform "^1.0.0"
  
  prosemirror-transform@^1.0.0, prosemirror-transform@^1.1.0:
    version "1.3.2"
    resolved "https://registry.npmjs.org/prosemirror-transform/-/prosemirror-transform-1.3.2.tgz"
    integrity sha512-/G6d/u9Mf6Bv3H1XR8VxhpjmUO75LYmnvj+s3ZfZpakU1hnQbsvCEybml1B3f2IWUAAQRFkbO1PnsbFhLZsYsw==
    dependencies:
      prosemirror-model "^1.0.0"
  
  prosemirror-view@^1.18.7:
    version "1.18.9"
    resolved "https://registry.npmjs.org/prosemirror-view/-/prosemirror-view-1.18.9.tgz"
    integrity sha512-AkknqYyt7QBJIfA993O5NNOXLyQji5vr0SnOk/eig18dr7hbe1CK9FKd4Cnh9/f0JSHhZwadHlc3w+wZkIdmIQ==
    dependencies:
      prosemirror-model "^1.1.0"
      prosemirror-state "^1.0.0"
      prosemirror-transform "^1.1.0"
  
  resolve@^1.20.0:
    version "1.20.0"
    resolved "https://registry.npmjs.org/resolve/-/resolve-1.20.0.tgz"
    integrity sha512-wENBPt4ySzg4ybFQW2TT1zMQucPK95HSh/nq2CFTZVOGut2+pQvSsgtda4d26YrYcr067wjbmzOG8byDPBX63A==
    dependencies:
      is-core-module "^2.2.0"
      path-parse "^1.0.6"
  
  rollup@^2.38.5:
    version "2.53.1"
    resolved "https://registry.npmjs.org/rollup/-/rollup-2.53.1.tgz"
    integrity sha512-yiTCvcYXZEulNWNlEONOQVlhXA/hgxjelFSjNcrwAAIfYx/xqjSHwqg/cCaWOyFRKr+IQBaXwt723m8tCaIUiw==
    optionalDependencies:
      fsevents "~2.3.2"
  
  rope-sequence@^1.3.0:
    version "1.3.2"
    resolved "https://registry.npmjs.org/rope-sequence/-/rope-sequence-1.3.2.tgz"
    integrity sha512-ku6MFrwEVSVmXLvy3dYph3LAMNS0890K7fabn+0YIRQ2T96T9F4gkFf0vf0WW0JUraNWwGRtInEpH7yO4tbQZg==
  
  source-map-js@^0.6.2:
    version "0.6.2"
    resolved "https://registry.npmjs.org/source-map-js/-/source-map-js-0.6.2.tgz"
    integrity sha512-/3GptzWzu0+0MBQFrDKzw/DvvMTUORvgY6k6jd/VS6iCR4RDTKWH6v6WPwQoUO8667uQEf9Oe38DxAYWY5F/Ug==
  
  source-map@^0.6.1:
    version "0.6.1"
    resolved "https://registry.npmjs.org/source-map/-/source-map-0.6.1.tgz"
    integrity sha512-UjgapumWlbMhkBgzT7Ykc5YXUT46F0iKu8SGXq0bcwP5dz/h0Plj6enJqjz1Zbq2l5WaqYnrVbwWOWMyF3F47g==
  
  sourcemap-codec@^1.4.4:
    version "1.4.8"
    resolved "https://registry.npmjs.org/sourcemap-codec/-/sourcemap-codec-1.4.8.tgz"
    integrity sha512-9NykojV5Uih4lgo5So5dtw+f0JgJX30KCNI8gwhz2J9A15wD0Ml6tjHKwf6fTSa6fAdVBdZeNOs9eJ71qCk8vA==
  
  string-hash@^1.1.1:
    version "1.1.3"
    resolved "https://registry.npmjs.org/string-hash/-/string-hash-1.1.3.tgz"
    integrity sha1-6Kr8CsGFW0Zmkp7X3RJ1311sgRs=
  
  to-fast-properties@^2.0.0:
    version "2.0.0"
    resolved "https://registry.npmjs.org/to-fast-properties/-/to-fast-properties-2.0.0.tgz"
    integrity sha1-3F5pjL0HkmW8c+A3doGk5Og/YW4=
  
  tui-color-picker@^2.2.6:
    version "2.2.7"
    resolved "https://registry.npmjs.org/tui-color-picker/-/tui-color-picker-2.2.7.tgz"
    integrity sha512-y7gUe6PdVBq8ruZbiOkeaN7N/DX+ogVyLkK53OM4qW5Vrc4pDWYEKlnOBCsPODb4/RSzS9iTd6fXYirXxeakJA==
  
  util-deprecate@^1.0.2:
    version "1.0.2"
    resolved "https://registry.npmjs.org/util-deprecate/-/util-deprecate-1.0.2.tgz"
    integrity sha1-RQ1Nyfpw3nMnYvvS1KKJgUGaDM8=
  
  vite@^2.4.0:
    version "2.4.1"
    resolved "https://registry.npmjs.org/vite/-/vite-2.4.1.tgz"
    integrity sha512-4BpKRis9uxIqPfIEcJ18LTBsamqnDFxTx45CXwagHjNltHa6PFEvf8Pe6OpgIHb0OyWT30OXOSSQvdOaX4OBiQ==
    dependencies:
      esbuild "^0.12.8"
      postcss "^8.3.5"
      resolve "^1.20.0"
      rollup "^2.38.5"
    optionalDependencies:
      fsevents "~2.3.2"
  
  vue-router@^4.0.10:
    version "4.0.10"
    resolved "https://registry.npmjs.org/vue-router/-/vue-router-4.0.10.tgz"
    integrity sha512-YbPf6QnZpyyWfnk7CUt2Bme+vo7TLfg1nGZNkvYqKYh4vLaFw6Gn8bPGdmt5m4qrGnKoXLqc4htAsd3dIukICA==
    dependencies:
      "@vue/devtools-api" "^6.0.0-beta.14"
  
  vue@^3.0.5:
    version "3.1.4"
    resolved "https://registry.npmjs.org/vue/-/vue-3.1.4.tgz"
    integrity sha512-p8dcdyeCgmaAiZsbLyDkmOLcFGZb/jEVdCLW65V68LRCXTNX8jKsgah2F7OZ/v/Ai2V0Fb1MNO0vz/GFqsPVMA==
    dependencies:
      "@vue/compiler-dom" "3.1.4"
      "@vue/runtime-dom" "3.1.4"
      "@vue/shared" "3.1.4"
  
  vuex@^4.0.2:
    version "4.0.2"
    resolved "https://registry.yarnpkg.com/vuex/-/vuex-4.0.2.tgz#f896dbd5bf2a0e963f00c67e9b610de749ccacc9"
    integrity sha512-M6r8uxELjZIK8kTKDGgZTYX/ahzblnzC4isU1tpmEuOIIKmV+TRdc+H4s8ds2NuZ7wpUTdGRzJRtoj+lI+pc0Q==
    dependencies:
      "@vue/devtools-api" "^6.0.0-beta.11"
  
  w3c-keyname@^2.2.0:
    version "2.2.4"
    resolved "https://registry.npmjs.org/w3c-keyname/-/w3c-keyname-2.2.4.tgz"
    integrity sha512-tOhfEwEzFLJzf6d1ZPkYfGj+FWhIpBux9ppoP3rlclw3Z0BZv3N7b7030Z1kYth+6rDuAsXUFr+d0VE6Ed1ikw==
  
  yallist@^3.0.2:
    version "3.1.1"
    resolved "https://registry.npmjs.org/yallist/-/yallist-3.1.1.tgz"
    integrity sha512-a4UGQaWPH59mOXUYnAG2ewncQS4i4F43Tv3JoAM+s2VDAmS9NsK8GpDMLrCHPksFT7h3K6TOoUNn2pb7RoXx4g==
